Using pre-set license
Built from '2022.1/staging' branch; Version is '2022.1.22f1 (6b6e9fc2adda) revision 7040671'; Using compiler version '192829333'; Build Type 'Release'
OS: 'Windows 10  (10.0.19045) 64bit Core' Language: 'en' Physical Memory: 14188 MB
BatchMode: 1, IsHumanControllingUs: 0, StartBugReporterOnCrash: 0, Is64bit: 1, IsPro: 1

COMMAND LINE ARGUMENTS:
C:\Program Files\2022.1.22f1\Editor\Unity.exe
-adb2
-batchMode
-noUpm
-name
AssetImportWorker0
-projectPath
C:/Users/gauta/Documents/Unity/WackyBreakout
-logFile
Logs/AssetImportWorker0.log
-srvPort
49405
Successfully changed project path to: C:/Users/gauta/Documents/Unity/WackyBreakout
C:/Users/gauta/Documents/Unity/WackyBreakout
[UnityMemory] Configuration Parameters - Can be set up in boot.config
    "memorysetup-bucket-allocator-granularity=16"
    "memorysetup-bucket-allocator-bucket-count=8"
    "memorysetup-bucket-allocator-block-size=33554432"
    "memorysetup-bucket-allocator-block-count=8"
    "memorysetup-main-allocator-block-size=16777216"
    "memorysetup-thread-allocator-block-size=16777216"
    "memorysetup-gfx-main-allocator-block-size=16777216"
    "memorysetup-gfx-thread-allocator-block-size=16777216"
    "memorysetup-cache-allocator-block-size=4194304"
    "memorysetup-typetree-allocator-block-size=2097152"
    "memorysetup-profiler-bucket-allocator-granularity=16"
    "memorysetup-profiler-bucket-allocator-bucket-count=8"
    "memorysetup-profiler-bucket-allocator-block-size=33554432"
    "memorysetup-profiler-bucket-allocator-block-count=8"
    "memorysetup-profiler-allocator-block-size=16777216"
    "memorysetup-profiler-editor-allocator-block-size=1048576"
    "memorysetup-temp-allocator-size-main=16777216"
    "memorysetup-job-temp-allocator-block-size=2097152"
    "memorysetup-job-temp-allocator-block-size-background=1048576"
    "memorysetup-job-temp-allocator-reduction-small-platforms=262144"
    "memorysetup-temp-allocator-size-background-worker=32768"
    "memorysetup-temp-allocator-size-job-worker=262144"
    "memorysetup-temp-allocator-size-preload-manager=33554432"
    "memorysetup-temp-allocator-size-nav-mesh-worker=65536"
    "memorysetup-temp-allocator-size-audio-worker=65536"
    "memorysetup-temp-allocator-size-cloud-worker=32768"
    "memorysetup-temp-allocator-size-gi-baking-worker=262144"
    "memorysetup-temp-allocator-size-gfx=262144"
Refreshing native plugins compatible for Editor in 68.89 ms, found 2 plugins.
Preloading 0 native plugins for Editor in 0.00 ms.
Initialize engine version: 2022.1.22f1 (6b6e9fc2adda)
[Subsystems] Discovering subsystems at path C:/Program Files/2022.1.22f1/Editor/Data/Resources/UnitySubsystems
[Subsystems] Discovering subsystems at path C:/Users/gauta/Documents/Unity/WackyBreakout/Assets
GfxDevice: creating device client; threaded=0; jobified=0
Direct3D:
    Version:  Direct3D 11.0 [level 11.1]
    Renderer: NVIDIA GeForce GTX 1650 (ID=0x1f9d)
    Vendor:   NVIDIA
    VRAM:     3952 MB
    Driver:   31.0.15.3197
Initialize mono
Mono path[0] = 'C:/Program Files/2022.1.22f1/Editor/Data/Managed'
Mono path[1] = 'C:/Program Files/2022.1.22f1/Editor/Data/MonoBleedingEdge/lib/mono/unityjit-win32'
Mono config path = 'C:/Program Files/2022.1.22f1/Editor/Data/MonoBleedingEdge/etc'
Using monoOptions --debugger-agent=transport=dt_socket,embedding=1,server=y,suspend=n,address=127.0.0.1:56724
Begin MonoManager ReloadAssembly
Registering precompiled unity dll's ...
Register platform support module: C:/Program Files/2022.1.22f1/Editor/Data/PlaybackEngines/MacStandaloneSupport/UnityEditor.OSXStandalone.Extensions.dll
Register platform support module: C:/Program Files/2022.1.22f1/Editor/Data/PlaybackEngines/WindowsStandaloneSupport/UnityEditor.WindowsStandalone.Extensions.dll
Registered in 0.014204 seconds.
Native extension for WindowsStandalone target not found
Native extension for OSXStandalone target not found
Refreshing native plugins compatible for Editor in 49.96 ms, found 2 plugins.
Preloading 0 native plugins for Editor in 0.00 ms.
Mono: successfully reloaded assembly
- Completed reload, in  0.762 seconds
Domain Reload Profiling:
	ReloadAssembly (763ms)
		BeginReloadAssembly (108ms)
			ExecutionOrderSort (0ms)
			DisableScriptedObjects (0ms)
			BackupInstance (0ms)
			ReleaseScriptingObjects (0ms)
			CreateAndSetChildDomain (1ms)
		EndReloadAssembly (513ms)
			LoadAssemblies (103ms)
			RebuildTransferFunctionScriptingTraits (0ms)
			SetupTypeCache (135ms)
				TypeCache.Initialize (134ms)
					TypeCache.ScanAssembly (131ms)
				ResolveRequiredComponents (1ms)
			ReleaseScriptCaches (0ms)
			RebuildScriptCaches (31ms)
			SetupLoadedEditorAssemblies (279ms)
				LogAssemblyErrors (0ms)
				InitializePlatformSupportModulesInManaged (13ms)
				SetLoadedEditorAssemblies (8ms)
				RefreshPlugins (50ms)
				BeforeProcessingInitializeOnLoad (1ms)
				ProcessInitializeOnLoadAttributes (151ms)
				ProcessInitializeOnLoadMethodAttributes (56ms)
				AfterProcessingInitializeOnLoad (0ms)
				EditorAssembliesLoaded (0ms)
			ExecutionOrderSort2 (0ms)
			AwakeInstancesAfterBackupRestoration (0ms)
Platform modules already initialized, skipping
Registering precompiled user dll's ...
Registered in 0.010646 seconds.
Begin MonoManager ReloadAssembly
Native extension for WindowsStandalone target not found
Native extension for OSXStandalone target not found
Refreshing native plugins compatible for Editor in 1.37 ms, found 2 plugins.
Preloading 0 native plugins for Editor in 0.00 ms.
Package Manager log level set to [2]
[Package Manager] Server::EnsureServerProcessIsRunning -- launch failed, reason: Unity was launched with the -noUpm command-line argument
[Package Manager] UpmClient::Send -- Unable to send message (not connected to UPM process).
[Package Manager] Cannot connect to Unity Package Manager local server
Mono: successfully reloaded assembly
- Completed reload, in  1.236 seconds
Domain Reload Profiling:
	ReloadAssembly (1237ms)
		BeginReloadAssembly (163ms)
			ExecutionOrderSort (0ms)
			DisableScriptedObjects (6ms)
			BackupInstance (0ms)
			ReleaseScriptingObjects (0ms)
			CreateAndSetChildDomain (34ms)
		EndReloadAssembly (942ms)
			LoadAssemblies (109ms)
			RebuildTransferFunctionScriptingTraits (0ms)
			SetupTypeCache (202ms)
				TypeCache.Initialize (200ms)
					TypeCache.ScanAssembly (195ms)
				ResolveRequiredComponents (2ms)
			ReleaseScriptCaches (1ms)
			RebuildScriptCaches (60ms)
			SetupLoadedEditorAssemblies (510ms)
				LogAssemblyErrors (0ms)
				InitializePlatformSupportModulesInManaged (11ms)
				SetLoadedEditorAssemblies (9ms)
				RefreshPlugins (2ms)
				BeforeProcessingInitializeOnLoad (99ms)
				ProcessInitializeOnLoadAttributes (226ms)
				ProcessInitializeOnLoadMethodAttributes (145ms)
				AfterProcessingInitializeOnLoad (18ms)
				EditorAssembliesLoaded (0ms)
			ExecutionOrderSort2 (0ms)
			AwakeInstancesAfterBackupRestoration (8ms)
Platform modules already initialized, skipping
========================================================================
Worker process is ready to serve import requests
Launched and connected shader compiler UnityShaderCompiler.exe after 0.21 seconds
Refreshing native plugins compatible for Editor in 0.77 ms, found 2 plugins.
Preloading 0 native plugins for Editor in 0.00 ms.
Unloading 2425 Unused Serialized files (Serialized files now loaded: 0)
Unloading 52 unused Assets / (58.7 KB). Loaded Objects now: 2869.
Memory consumption went from 385.2 MB to 385.1 MB.
Total: 6.945400 ms (FindLiveObjects: 0.207100 ms CreateObjectMapping: 0.176800 ms MarkObjects: 6.448400 ms  DeleteObjects: 0.112000 ms)

AssetImportParameters requested are different than current active one (requested -> active):
  custom:video-decoder-ogg-theora: a1e56fd34408186e4bbccfd4996cb3dc -> 
  custom:container-muxer-webm: aa71ff27fc2769a1b78a27578f13a17b -> 
  custom:container-demuxer-webm: 4f35f7cbe854078d1ac9338744f61a02 -> 
  custom:video-encoder-webm-vp8: eb34c28f22e8b96e1ab97ce403110664 -> 
  custom:video-codec-MediaFoundation-h265: 746d11721c4dcdbdad8f713fa42b33f4 -> 
  custom:audio-encoder-webm-vorbis: bf7c407c2cedff20999df2af8eb42d56 -> 
  custom:framework-win-MediaFoundation: 216162199b28c13a410421893ffa2e32 -> 
  custom:container-demuxer-ogg: 62fdf1f143b41e24485cea50d1cbac27 -> 
  custom:video-decoder-webm-vp8: 9c59270c3fd7afecdb556c50c9e8de78 -> 
  custom:audio-decoder-ogg-vorbis: bf7c407c2cedff20999df2af8eb42d56 -> 
========================================================================
Received Import Request.
  Time since last request: 227088.043119 seconds.
  path: Assets/scripts/Gameplay/BallSpawner.cs
  artifactKey: Guid(c544c07fbe6a8ff48b5eba26efc48878) Importer(815301076,1909f56bfc062723c751e8b465ee728b)
Start importing Assets/scripts/Gameplay/BallSpawner.cs using Guid(c544c07fbe6a8ff48b5eba26efc48878) Importer(815301076,1909f56bfc062723c751e8b465ee728b)  -> (artifact id: '9d810c53b1ecffe1f39793a139f3fbdf') in 0.030285 seconds 
========================================================================
Received Import Request.
  Time since last request: 3.369340 seconds.
  path: Assets/scripts/Gameplay/BonusBlock.cs
  artifactKey: Guid(108b9badaaf5d774f8e533a520cf7a4c) Importer(815301076,1909f56bfc062723c751e8b465ee728b)
Start importing Assets/scripts/Gameplay/BonusBlock.cs using Guid(108b9badaaf5d774f8e533a520cf7a4c) Importer(815301076,1909f56bfc062723c751e8b465ee728b)  -> (artifact id: '3859d3a679a9b51c6946132d62bc0f23') in 0.004932 seconds 
========================================================================
Received Import Request.
  Time since last request: 1.317825 seconds.
  path: Assets/scripts/Gameplay/LevelBuilder.cs
  artifactKey: Guid(a319d23c63a25ba40a6515531c436b31) Importer(815301076,1909f56bfc062723c751e8b465ee728b)
Start importing Assets/scripts/Gameplay/LevelBuilder.cs using Guid(a319d23c63a25ba40a6515531c436b31) Importer(815301076,1909f56bfc062723c751e8b465ee728b)  -> (artifact id: '382beb943f7574c1b316daba8e8457bb') in 0.004779 seconds 
========================================================================
Received Import Request.
  Time since last request: 4.887325 seconds.
  path: Assets/scripts/Gameplay/PickupBlock.cs
  artifactKey: Guid(9143194a664c8af4fb423958bb13e52b) Importer(815301076,1909f56bfc062723c751e8b465ee728b)
Start importing Assets/scripts/Gameplay/PickupBlock.cs using Guid(9143194a664c8af4fb423958bb13e52b) Importer(815301076,1909f56bfc062723c751e8b465ee728b)  -> (artifact id: '88cedca5c7f97d756bf170b9e79278e8') in 0.005199 seconds 
========================================================================
Received Import Request.
  Time since last request: 3.580742 seconds.
  path: Assets/scripts/Gameplay/PickupEffect.cs
  artifactKey: Guid(3099892a493736b4a933e8a1f1ecef64) Importer(815301076,1909f56bfc062723c751e8b465ee728b)
Start importing Assets/scripts/Gameplay/PickupEffect.cs using Guid(3099892a493736b4a933e8a1f1ecef64) Importer(815301076,1909f56bfc062723c751e8b465ee728b)  -> (artifact id: 'c779d497edeb0b32e36ed6297c19087a') in 0.010469 seconds 
========================================================================
Received Import Request.
  Time since last request: 1.507994 seconds.
  path: Assets/scripts/Gameplay/SpeedupEffectMonitor.cs
  artifactKey: Guid(30c4b231a6e7d7c49afa8d08b1b85c98) Importer(815301076,1909f56bfc062723c751e8b465ee728b)
Start importing Assets/scripts/Gameplay/SpeedupEffectMonitor.cs using Guid(30c4b231a6e7d7c49afa8d08b1b85c98) Importer(815301076,1909f56bfc062723c751e8b465ee728b)  -> (artifact id: '9e5f9ae75a6adea19b390929061f049a') in 0.005352 seconds 
========================================================================
Received Import Request.
  Time since last request: 3.741960 seconds.
  path: Assets/scripts/Gameplay/StandardBlock.cs
  artifactKey: Guid(007ac879e650743478b9672034e5be20) Importer(815301076,1909f56bfc062723c751e8b465ee728b)
Start importing Assets/scripts/Gameplay/StandardBlock.cs using Guid(007ac879e650743478b9672034e5be20) Importer(815301076,1909f56bfc062723c751e8b465ee728b)  -> (artifact id: 'bfd88967324f4216911c44f0d0224d57') in 0.006365 seconds 
========================================================================
Received Import Request.
  Time since last request: 2.706162 seconds.
  path: Assets/scripts/Gameplay/Timer.cs
  artifactKey: Guid(a9fe0b27ce45cfa4194f2901aeac30e7) Importer(815301076,1909f56bfc062723c751e8b465ee728b)
Start importing Assets/scripts/Gameplay/Timer.cs using Guid(a9fe0b27ce45cfa4194f2901aeac30e7) Importer(815301076,1909f56bfc062723c751e8b465ee728b)  -> (artifact id: '987083f0d5b76869309b1f501a102404') in 0.005151 seconds 
========================================================================
Received Import Request.
  Time since last request: 2.560686 seconds.
  path: Assets/scripts/Gameplay/WackyBreakout.cs
  artifactKey: Guid(3fac2225b030fbe449a43ddd8dca9526) Importer(815301076,1909f56bfc062723c751e8b465ee728b)
Start importing Assets/scripts/Gameplay/WackyBreakout.cs using Guid(3fac2225b030fbe449a43ddd8dca9526) Importer(815301076,1909f56bfc062723c751e8b465ee728b)  -> (artifact id: '1a5199fa353d5219ea8ab631fa2ccc84') in 0.004796 seconds 
